# JRE version: Java(TM) SE Runtime Environment (21.0.2+13) (build 21.0.2+13-LTS-58)
# Java VM: Java HotSpot(TM) 64-Bit Server VM (21.0.2+13-LTS-58, mixed mode, sharing, tiered, compressed oops, compressed class ptrs, g1 gc, windows-amd64)
GC Precious Log:
 CardTable entry size: 512
 Card Set container configuration: InlinePtr #cards 5 size 8 Array Of Cards #cards 12 size 40 Howl #buckets 4 coarsen threshold 1843 Howl Bitmap #cards 512 size 80 coarsen threshold 460 Card regions per heap region 1 cards per card region 2048
 CPUs: 4 total, 4 available
 Memory: 4012M
 Large Page Support: Disabled
 NUMA Support: Disabled
 Compressed Oops: Enabled (32-bit)
 Heap Region Size: 1M
 Heap Min Capacity: 8M
 Heap Initial Capacity: 64M
 Heap Max Capacity: 1004M
 Pre-touch: Disabled
 Parallel Workers: 4
 Concurrent Workers: 1
 Concurrent Refinement Workers: 4
 Periodic GC: Disabled
Heap:
 garbage-first heap   total 175104K, used 74842K [0x00000000c1400000, 0x0000000100000000)
  region size 1024K, 1 young (1024K), 1 survivors (1024K)
 Metaspace       used 9010K, committed 9152K, reserved 1114112K
  class space    used 936K, committed 1024K, reserved 1048576K
GC Heap History (20 events):
Event: 5.104 GC heap after
{Heap after GC invocations=11 (full 0):
 garbage-first heap   total 89088K, used 39635K [0x00000000c1400000, 0x0000000100000000)
  region size 1024K, 1 young (1024K), 1 survivors (1024K)
 Metaspace       used 7261K, committed 7488K, reserved 1114112K
  class space    used 760K, committed 896K, reserved 1048576K
}
Event: 5.119 GC heap before
{Heap before GC invocations=11 (full 0):
 garbage-first heap   total 89088K, used 41683K [0x00000000c1400000, 0x0000000100000000)
  region size 1024K, 3 young (3072K), 1 survivors (1024K)
 Metaspace       used 7261K, committed 7488K, reserved 1114112K
  class space    used 760K, committed 896K, reserved 1048576K
}
Event: 5.120 GC heap after
{Heap after GC invocations=12 (full 0):
 garbage-first heap   total 89088K, used 39632K [0x00000000c1400000, 0x0000000100000000)
  region size 1024K, 1 young (1024K), 1 survivors (1024K)
 Metaspace       used 7261K, committed 7488K, reserved 1114112K
  class space    used 760K, committed 896K, reserved 1048576K
}
Event: 5.137 GC heap before
{Heap before GC invocations=12 (full 0):
 garbage-first heap   total 89088K, used 41680K [0x00000000c1400000, 0x0000000100000000)
  region size 1024K, 3 young (3072K), 1 survivors (1024K)
 Metaspace       used 7266K, committed 7488K, reserved 1114112K
  class space    used 760K, committed 896K, reserved 1048576K
}
Event: 5.139 GC heap after
{Heap after GC invocations=13 (full 0):
 garbage-first heap   total 89088K, used 39630K [0x00000000c1400000, 0x0000000100000000)
  region size 1024K, 1 young (1024K), 1 survivors (1024K)
 Metaspace       used 7266K, committed 7488K, reserved 1114112K
  class space    used 760K, committed 896K, reserved 1048576K
}
Event: 5.164 GC heap before
{Heap before GC invocations=13 (full 0):
 garbage-first heap   total 89088K, used 41678K [0x00000000c1400000, 0x0000000100000000)
  region size 1024K, 3 young (3072K), 1 survivors (1024K)
 Metaspace       used 7274K, committed 7488K, reserved 1114112K
  class space    used 760K, committed 896K, reserved 1048576K
}
Event: 5.190 GC heap after
{Heap after GC invocations=14 (full 0):
 garbage-first heap   total 175104K, used 39660K [0x00000000c1400000, 0x0000000100000000)
  region size 1024K, 1 young (1024K), 1 survivors (1024K)
 Metaspace       used 7274K, committed 7488K, reserved 1114112K
  class space    used 760K, committed 896K, reserved 1048576K
}
Event: 5.740 GC heap before
{Heap before GC invocations=14 (full 0):
 garbage-first heap   total 175104K, used 78572K [0x00000000c1400000, 0x0000000100000000)
  region size 1024K, 3 young (3072K), 1 survivors (1024K)
 Metaspace       used 7316K, committed 7552K, reserved 1114112K
  class space    used 760K, committed 896K, reserved 1048576K
}
Event: 5.742 GC heap after
{Heap after GC invocations=15 (full 0):
 garbage-first heap   total 175104K, used 76525K [0x00000000c1400000, 0x0000000100000000)
  region size 1024K, 1 young (1024K), 1 survivors (1024K)
 Metaspace       used 7316K, committed 7552K, reserved 1114112K
  class space    used 760K, committed 896K, reserved 1048576K
}
Event: 5.758 GC heap before
{Heap before GC invocations=15 (full 0):
 garbage-first heap   total 175104K, used 80621K [0x00000000c1400000, 0x0000000100000000)
  region size 1024K, 4 young (4096K), 1 survivors (1024K)
 Metaspace       used 7322K, committed 7552K, reserved 1114112K
  class space    used 760K, committed 896K, reserved 1048576K
}
Event: 5.760 GC heap after
{Heap after GC invocations=16 (full 0):
 garbage-first heap   total 175104K, used 41677K [0x00000000c1400000, 0x0000000100000000)
  region size 1024K, 1 young (1024K), 1 survivors (1024K)
 Metaspace       used 7322K, committed 7552K, reserved 1114112K
  class space    used 760K, committed 896K, reserved 1048576K
}
Event: 6.087 GC heap before
{Heap before GC invocations=16 (full 0):
 garbage-first heap   total 175104K, used 80589K [0x00000000c1400000, 0x0000000100000000)
  region size 1024K, 4 young (4096K), 1 survivors (1024K)
 Metaspace       used 7391K, committed 7616K, reserved 1114112K
  class space    used 760K, committed 896K, reserved 1048576K
}
Event: 6.089 GC heap after
{Heap after GC invocations=17 (full 0):
 garbage-first heap   total 175104K, used 76510K [0x00000000c1400000, 0x0000000100000000)
  region size 1024K, 1 young (1024K), 1 survivors (1024K)
 Metaspace       used 7391K, committed 7616K, reserved 1114112K
  class space    used 760K, committed 896K, reserved 1048576K
}
Event: 6.105 GC heap before
{Heap before GC invocations=17 (full 0):
 garbage-first heap   total 175104K, used 79582K [0x00000000c1400000, 0x0000000100000000)
  region size 1024K, 3 young (3072K), 1 survivors (1024K)
 Metaspace       used 7395K, committed 7616K, reserved 1114112K
  class space    used 760K, committed 896K, reserved 1048576K
}
Event: 6.107 GC heap after
{Heap after GC invocations=18 (full 0):
 garbage-first heap   total 175104K, used 41682K [0x00000000c1400000, 0x0000000100000000)
  region size 1024K, 1 young (1024K), 1 survivors (1024K)
 Metaspace       used 7395K, committed 7616K, reserved 1114112K
  class space    used 760K, committed 896K, reserved 1048576K
}
Event: 9.472 GC heap before
{Heap before GC invocations=18 (full 0):
 garbage-first heap   total 175104K, used 84690K [0x00000000c1400000, 0x0000000100000000)
  region size 1024K, 8 young (8192K), 1 survivors (1024K)
 Metaspace       used 8973K, committed 9152K, reserved 1114112K
  class space    used 936K, committed 1024K, reserved 1048576K
}
Event: 9.475 GC heap after
{Heap after GC invocations=19 (full 0):
 garbage-first heap   total 175104K, used 76885K [0x00000000c1400000, 0x0000000100000000)
  region size 1024K, 1 young (1024K), 1 survivors (1024K)
 Metaspace       used 8973K, committed 9152K, reserved 1114112K
  class space    used 936K, committed 1024K, reserved 1048576K
}
Event: 9.489 GC heap before
{Heap before GC invocations=19 (full 0):
 garbage-first heap   total 175104K, used 79957K [0x00000000c1400000, 0x0000000100000000)
  region size 1024K, 3 young (3072K), 1 survivors (1024K)
 Metaspace       used 8974K, committed 9152K, reserved 1114112K
  class space    used 936K, committed 1024K, reserved 1048576K
}
Event: 9.491 GC heap after
{Heap after GC invocations=20 (full 0):
 garbage-first heap   total 175104K, used 44108K [0x00000000c1400000, 0x0000000100000000)
  region size 1024K, 1 young (1024K), 1 survivors (1024K)
 Metaspace       used 8974K, committed 9152K, reserved 1114112K
  class space    used 936K, committed 1024K, reserved 1048576K
}
Event: 9.725 GC heap before
{Heap before GC invocations=20 (full 0):
 garbage-first heap   total 175104K, used 78924K [0x00000000c1400000, 0x0000000100000000)
  region size 1024K, 4 young (4096K), 1 survivors (1024K)
 Metaspace       used 9010K, committed 9152K, reserved 1114112K
  class space    used 936K, committed 1024K, reserved 1048576K
}

